0 info it worked if it ends with ok
1 verbose cli [ '/usr/bin/node', '/usr/bin/npm', 'install', '--save', 'jpeg' ]
2 info using npm@3.8.0
3 info using node@v5.7.1
4 silly loadCurrentTree Starting
5 silly install loadCurrentTree
6 silly install readLocalPackageData
7 silly fetchPackageMetaData jpeg
8 silly fetchNamedPackageData jpeg
9 silly mapToRegistry name jpeg
10 silly mapToRegistry using default registry
11 silly mapToRegistry registry https://registry.npmjs.org/
12 silly mapToRegistry uri https://registry.npmjs.org/jpeg
13 verbose request uri https://registry.npmjs.org/jpeg
14 verbose request no auth needed
15 info attempt registry request try #1 at 5:39:39 PM
16 verbose request id 783cd888d20aa367
17 http request GET https://registry.npmjs.org/jpeg
18 http 200 https://registry.npmjs.org/jpeg
19 verbose headers { server: 'CouchDB/1.5.0 (Erlang OTP/R16B03)',
19 verbose headers   etag: '"5DXS3HEVQV1VMCOE5M5GCU0J0"',
19 verbose headers   'content-type': 'application/json',
19 verbose headers   'cache-control': 'max-age=300',
19 verbose headers   'content-length': '9599',
19 verbose headers   'accept-ranges': 'bytes',
19 verbose headers   date: 'Tue, 08 Mar 2016 22:39:39 GMT',
19 verbose headers   via: '1.1 varnish',
19 verbose headers   age: '0',
19 verbose headers   connection: 'keep-alive',
19 verbose headers   'x-served-by': 'cache-dfw1831-DFW',
19 verbose headers   'x-cache': 'MISS',
19 verbose headers   'x-cache-hits': '0',
19 verbose headers   'x-timer': 'S1457476779.770559,VS0,VE70',
19 verbose headers   vary: 'Accept' }
20 silly get cb [ 200,
20 silly get   { server: 'CouchDB/1.5.0 (Erlang OTP/R16B03)',
20 silly get     etag: '"5DXS3HEVQV1VMCOE5M5GCU0J0"',
20 silly get     'content-type': 'application/json',
20 silly get     'cache-control': 'max-age=300',
20 silly get     'content-length': '9599',
20 silly get     'accept-ranges': 'bytes',
20 silly get     date: 'Tue, 08 Mar 2016 22:39:39 GMT',
20 silly get     via: '1.1 varnish',
20 silly get     age: '0',
20 silly get     connection: 'keep-alive',
20 silly get     'x-served-by': 'cache-dfw1831-DFW',
20 silly get     'x-cache': 'MISS',
20 silly get     'x-cache-hits': '0',
20 silly get     'x-timer': 'S1457476779.770559,VS0,VE70',
20 silly get     vary: 'Accept' } ]
21 verbose get saving jpeg to /home/mark/.npm/registry.npmjs.org/jpeg/.cache.json
22 verbose correctMkdir /home/mark/.npm correctMkdir not in flight; initializing
23 silly install normalizeTree
24 silly loadCurrentTree Finishing
25 silly loadIdealTree Starting
26 silly install loadIdealTree
27 silly cloneCurrentTree Starting
28 silly install cloneCurrentTreeToIdealTree
29 silly cloneCurrentTree Finishing
30 silly loadShrinkwrap Starting
31 silly install loadShrinkwrap
32 silly loadShrinkwrap Finishing
33 silly loadAllDepsIntoIdealTree Starting
34 silly install loadAllDepsIntoIdealTree
35 silly resolveWithNewModule jpeg@2.0.0 checking installable status
36 silly cache add args [ 'jpeg', null ]
37 verbose cache add spec jpeg
38 silly cache add parsed spec Result {
38 silly cache add   raw: 'jpeg',
38 silly cache add   scope: null,
38 silly cache add   name: 'jpeg',
38 silly cache add   rawSpec: '',
38 silly cache add   spec: 'latest',
38 silly cache add   type: 'tag' }
39 silly addNamed jpeg@latest
40 verbose addNamed "latest" is being treated as a dist-tag for jpeg
41 info addNameTag [ 'jpeg', 'latest' ]
42 silly mapToRegistry name jpeg
43 silly mapToRegistry using default registry
44 silly mapToRegistry registry https://registry.npmjs.org/
45 silly mapToRegistry uri https://registry.npmjs.org/jpeg
46 verbose addNameTag registry:https://registry.npmjs.org/jpeg not in flight; fetching
47 verbose get https://registry.npmjs.org/jpeg not expired, no request
48 silly addNameTag next cb for jpeg with tag latest
49 silly addNamed jpeg@2.0.0
50 verbose addNamed "2.0.0" is a plain semver version for jpeg
51 silly mapToRegistry name jpeg
52 silly mapToRegistry using default registry
53 silly mapToRegistry registry https://registry.npmjs.org/
54 silly mapToRegistry uri https://registry.npmjs.org/jpeg
55 verbose addRemoteTarball https://registry.npmjs.org/jpeg/-/jpeg-2.0.0.tgz not in flight; adding
56 verbose addRemoteTarball [ 'https://registry.npmjs.org/jpeg/-/jpeg-2.0.0.tgz',
56 verbose addRemoteTarball   '3cf6e51af008c3f98ea676cdec433869454dc636' ]
57 info retry fetch attempt 1 at 5:39:40 PM
58 info attempt registry request try #1 at 5:39:40 PM
59 http fetch GET https://registry.npmjs.org/jpeg/-/jpeg-2.0.0.tgz
60 http fetch 200 https://registry.npmjs.org/jpeg/-/jpeg-2.0.0.tgz
61 silly fetchAndShaCheck shasum 3cf6e51af008c3f98ea676cdec433869454dc636
62 verbose addTmpTarball /tmp/npm-8133-053bd4b5/registry.npmjs.org/jpeg/-/jpeg-2.0.0.tgz not in flight; adding
63 verbose addTmpTarball already have metadata; skipping unpack for jpeg@2.0.0
64 verbose correctMkdir /home/mark/.npm correctMkdir not in flight; initializing
65 silly cache afterAdd jpeg@2.0.0
66 verbose afterAdd /home/mark/.npm/jpeg/2.0.0/package/package.json not in flight; writing
67 verbose correctMkdir /home/mark/.npm correctMkdir not in flight; initializing
68 verbose afterAdd /home/mark/.npm/jpeg/2.0.0/package/package.json written
69 silly loadAllDepsIntoIdealTree Finishing
70 silly idealTree:prePrune node-camera-testing@1.0.0
70 silly idealTree:prePrune +-- accepts@1.2.13
70 silly idealTree:prePrune +-- after@0.8.1
70 silly idealTree:prePrune +-- amdefine@1.0.0
70 silly idealTree:prePrune +-- ansi-regex@2.0.0
70 silly idealTree:prePrune +-- ansi-styles@2.2.0
70 silly idealTree:prePrune +-- array-flatten@1.1.1
70 silly idealTree:prePrune +-- arraybuffer.slice@0.0.6
70 silly idealTree:prePrune +-- asap@2.0.3
70 silly idealTree:prePrune +-- babel-code-frame@6.6.5
70 silly idealTree:prePrune +-- babel-core@6.6.5
70 silly idealTree:prePrune +-- babel-generator@6.6.5
70 silly idealTree:prePrune +-- babel-helper-builder-react-jsx@6.6.5
70 silly idealTree:prePrune +-- babel-helper-call-delegate@6.6.5
70 silly idealTree:prePrune +-- babel-helper-define-map@6.6.5
70 silly idealTree:prePrune +-- babel-helper-function-name@6.6.0
70 silly idealTree:prePrune +-- babel-helper-get-function-arity@6.6.5
70 silly idealTree:prePrune +-- babel-helper-hoist-variables@6.6.5
70 silly idealTree:prePrune +-- babel-helper-optimise-call-expression@6.6.0
70 silly idealTree:prePrune +-- babel-helper-regex@6.6.5
70 silly idealTree:prePrune +-- babel-helper-replace-supers@6.6.5
70 silly idealTree:prePrune +-- babel-helpers@6.6.0
70 silly idealTree:prePrune +-- babel-loader@6.2.4
70 silly idealTree:prePrune +-- babel-messages@6.6.5
70 silly idealTree:prePrune +-- babel-plugin-check-es2015-constants@6.6.5
70 silly idealTree:prePrune +-- babel-plugin-syntax-async-functions@6.5.0
70 silly idealTree:prePrune +-- babel-plugin-syntax-flow@6.5.0
70 silly idealTree:prePrune +-- babel-plugin-syntax-jsx@6.5.0
70 silly idealTree:prePrune +-- babel-plugin-transform-es2015-arrow-functions@6.5.2
70 silly idealTree:prePrune +-- babel-plugin-transform-es2015-block-scoped-functions@6.6.5
70 silly idealTree:prePrune +-- babel-plugin-transform-es2015-block-scoping@6.6.5
70 silly idealTree:prePrune +-- babel-plugin-transform-es2015-classes@6.6.5
70 silly idealTree:prePrune +-- babel-plugin-transform-es2015-computed-properties@6.6.5
70 silly idealTree:prePrune +-- babel-plugin-transform-es2015-destructuring@6.6.5
70 silly idealTree:prePrune +-- babel-plugin-transform-es2015-duplicate-keys@6.6.4
70 silly idealTree:prePrune +-- babel-plugin-transform-es2015-for-of@6.6.0
70 silly idealTree:prePrune +-- babel-plugin-transform-es2015-function-name@6.5.0
70 silly idealTree:prePrune +-- babel-plugin-transform-es2015-literals@6.5.0
70 silly idealTree:prePrune +-- babel-plugin-transform-es2015-modules-commonjs@6.6.5
70 silly idealTree:prePrune +-- babel-plugin-transform-es2015-object-super@6.6.5
70 silly idealTree:prePrune +-- babel-plugin-transform-es2015-parameters@6.6.5
70 silly idealTree:prePrune +-- babel-plugin-transform-es2015-shorthand-properties@6.5.0
70 silly idealTree:prePrune +-- babel-plugin-transform-es2015-spread@6.6.5
70 silly idealTree:prePrune +-- babel-plugin-transform-es2015-sticky-regex@6.5.0
70 silly idealTree:prePrune +-- babel-plugin-transform-es2015-template-literals@6.6.5
70 silly idealTree:prePrune +-- babel-plugin-transform-es2015-typeof-symbol@6.6.0
70 silly idealTree:prePrune +-- babel-plugin-transform-es2015-unicode-regex@6.5.0
70 silly idealTree:prePrune +-- babel-plugin-transform-flow-strip-types@6.6.5
70 silly idealTree:prePrune +-- babel-plugin-transform-react-display-name@6.5.0
70 silly idealTree:prePrune +-- babel-plugin-transform-react-jsx-source@6.5.0
70 silly idealTree:prePrune +-- babel-plugin-transform-react-jsx@6.6.5
70 silly idealTree:prePrune +-- babel-plugin-transform-regenerator@6.6.5
70 silly idealTree:prePrune +-- babel-plugin-transform-strict-mode@6.6.5
70 silly idealTree:prePrune +-- babel-preset-es2015@6.6.0
70 silly idealTree:prePrune +-- babel-preset-react@6.5.0
70 silly idealTree:prePrune +-- babel-register@6.6.5
70 silly idealTree:prePrune | `-- core-js@2.1.4
70 silly idealTree:prePrune +-- babel-runtime@5.8.35
70 silly idealTree:prePrune +-- babel-template@6.6.5
70 silly idealTree:prePrune +-- babel-traverse@6.6.5
70 silly idealTree:prePrune +-- babel-types@6.6.5
70 silly idealTree:prePrune +-- babel@6.5.2
70 silly idealTree:prePrune +-- babylon@6.6.5
70 silly idealTree:prePrune +-- backo2@1.0.2
70 silly idealTree:prePrune +-- balanced-match@0.3.0
70 silly idealTree:prePrune +-- base62@0.1.1
70 silly idealTree:prePrune +-- base64-arraybuffer@0.1.2
70 silly idealTree:prePrune +-- base64id@0.1.0
70 silly idealTree:prePrune +-- benchmark@1.0.0
70 silly idealTree:prePrune +-- better-assert@1.0.2
70 silly idealTree:prePrune +-- big.js@3.1.3
70 silly idealTree:prePrune +-- blob@0.0.4
70 silly idealTree:prePrune +-- brace-expansion@1.1.3
70 silly idealTree:prePrune +-- buffers@0.1.1
70 silly idealTree:prePrune +-- callsite@1.0.0
70 silly idealTree:prePrune +-- chalk@1.1.1
70 silly idealTree:prePrune +-- color-convert@1.0.0
70 silly idealTree:prePrune +-- component-bind@1.0.0
70 silly idealTree:prePrune +-- component-emitter@1.1.2
70 silly idealTree:prePrune +-- component-inherit@0.0.3
70 silly idealTree:prePrune +-- concat-map@0.0.1
70 silly idealTree:prePrune +-- content-disposition@0.5.1
70 silly idealTree:prePrune +-- content-type@1.0.1
70 silly idealTree:prePrune +-- convert-source-map@1.2.0
70 silly idealTree:prePrune +-- cookie-signature@1.0.6
70 silly idealTree:prePrune +-- cookie@0.1.5
70 silly idealTree:prePrune +-- core-js@1.2.6
70 silly idealTree:prePrune +-- debug@2.2.0
70 silly idealTree:prePrune +-- depd@1.1.0
70 silly idealTree:prePrune +-- destroy@1.0.4
70 silly idealTree:prePrune +-- detect-indent@3.0.1
70 silly idealTree:prePrune +-- ee-first@1.1.1
70 silly idealTree:prePrune +-- engine.io-client@1.6.8
70 silly idealTree:prePrune +-- engine.io-parser@1.2.4
70 silly idealTree:prePrune | `-- has-binary@0.1.6
70 silly idealTree:prePrune +-- engine.io@1.6.8
70 silly idealTree:prePrune | +-- accepts@1.1.4
70 silly idealTree:prePrune | +-- mime-db@1.12.0
70 silly idealTree:prePrune | +-- mime-types@2.0.14
70 silly idealTree:prePrune | `-- negotiator@0.4.9
70 silly idealTree:prePrune +-- envify@3.4.0
70 silly idealTree:prePrune +-- escape-html@1.0.3
70 silly idealTree:prePrune +-- escape-string-regexp@1.0.5
70 silly idealTree:prePrune +-- esprima-fb@13001.1001.0-dev-harmony-fb
70 silly idealTree:prePrune +-- esutils@2.0.2
70 silly idealTree:prePrune +-- etag@1.7.0
70 silly idealTree:prePrune +-- express@4.13.4
70 silly idealTree:prePrune +-- fbjs@0.6.1
70 silly idealTree:prePrune +-- finalhandler@0.4.1
70 silly idealTree:prePrune +-- forwarded@0.1.0
70 silly idealTree:prePrune +-- fresh@0.3.0
70 silly idealTree:prePrune +-- get-stdin@4.0.1
70 silly idealTree:prePrune +-- globals@8.18.0
70 silly idealTree:prePrune +-- has-ansi@2.0.0
70 silly idealTree:prePrune +-- has-binary@0.1.7
70 silly idealTree:prePrune +-- has-cors@1.1.0
70 silly idealTree:prePrune +-- home-or-tmp@1.0.0
70 silly idealTree:prePrune +-- http-errors@1.3.1
70 silly idealTree:prePrune +-- indexof@0.0.1
70 silly idealTree:prePrune +-- inherits@2.0.1
70 silly idealTree:prePrune +-- invariant@2.2.0
70 silly idealTree:prePrune +-- ipaddr.js@1.0.5
70 silly idealTree:prePrune +-- is-finite@1.0.1
70 silly idealTree:prePrune +-- is-integer@1.0.6
70 silly idealTree:prePrune +-- isarray@0.0.1
70 silly idealTree:prePrune +-- jpeg@2.0.0
70 silly idealTree:prePrune +-- js-tokens@1.0.2
70 silly idealTree:prePrune +-- jsesc@0.5.0
70 silly idealTree:prePrune +-- json3@3.2.6
70 silly idealTree:prePrune +-- json5@0.4.0
70 silly idealTree:prePrune +-- jstransform@10.1.0
70 silly idealTree:prePrune | `-- source-map@0.1.31
70 silly idealTree:prePrune +-- left-pad@0.0.3
70 silly idealTree:prePrune +-- line-numbers@0.2.0
70 silly idealTree:prePrune +-- loader-utils@0.2.12
70 silly idealTree:prePrune +-- lodash@3.10.1
70 silly idealTree:prePrune +-- loose-envify@1.1.0
70 silly idealTree:prePrune +-- media-typer@0.3.0
70 silly idealTree:prePrune +-- merge-descriptors@1.0.1
70 silly idealTree:prePrune +-- methods@1.1.2
70 silly idealTree:prePrune +-- mime-db@1.22.0
70 silly idealTree:prePrune +-- mime-types@2.1.10
70 silly idealTree:prePrune +-- mime@1.3.4
70 silly idealTree:prePrune +-- minimatch@2.0.10
70 silly idealTree:prePrune +-- minimist@1.2.0
70 silly idealTree:prePrune +-- mkdirp@0.5.1
70 silly idealTree:prePrune | `-- minimist@0.0.8
70 silly idealTree:prePrune +-- ms@0.7.1
70 silly idealTree:prePrune +-- nan@2.2.0
70 silly idealTree:prePrune +-- negotiator@0.5.3
70 silly idealTree:prePrune +-- number-is-nan@1.0.0
70 silly idealTree:prePrune +-- object-assign@4.0.1
70 silly idealTree:prePrune +-- object-component@0.0.3
70 silly idealTree:prePrune +-- on-finished@2.3.0
70 silly idealTree:prePrune +-- opencv@5.0.0
70 silly idealTree:prePrune | `-- node-pre-gyp@0.6.17
70 silly idealTree:prePrune |   +-- mkdirp@0.5.1
70 silly idealTree:prePrune |   | `-- minimist@0.0.8
70 silly idealTree:prePrune |   +-- nopt@3.0.6
70 silly idealTree:prePrune |   | `-- abbrev@1.0.7
70 silly idealTree:prePrune |   +-- npmlog@2.0.0
70 silly idealTree:prePrune |   | +-- ansi@0.3.0
70 silly idealTree:prePrune |   | +-- are-we-there-yet@1.0.4
70 silly idealTree:prePrune |   | | +-- delegates@0.1.0
70 silly idealTree:prePrune |   | | `-- readable-stream@1.1.13
70 silly idealTree:prePrune |   | |   +-- core-util-is@1.0.2
70 silly idealTree:prePrune |   | |   +-- inherits@2.0.1
70 silly idealTree:prePrune |   | |   +-- isarray@0.0.1
70 silly idealTree:prePrune |   | |   `-- string_decoder@0.10.31
70 silly idealTree:prePrune |   | `-- gauge@1.2.2
70 silly idealTree:prePrune |   |   +-- has-unicode@1.0.1
70 silly idealTree:prePrune |   |   +-- lodash.pad@3.1.1
70 silly idealTree:prePrune |   |   | +-- lodash._basetostring@3.0.1
70 silly idealTree:prePrune |   |   | `-- lodash._createpadding@3.6.1
70 silly idealTree:prePrune |   |   |   `-- lodash.repeat@3.0.1
70 silly idealTree:prePrune |   |   +-- lodash.padleft@3.1.1
70 silly idealTree:prePrune |   |   | +-- lodash._basetostring@3.0.1
70 silly idealTree:prePrune |   |   | `-- lodash._createpadding@3.6.1
70 silly idealTree:prePrune |   |   |   `-- lodash.repeat@3.0.1
70 silly idealTree:prePrune |   |   `-- lodash.padright@3.1.1
70 silly idealTree:prePrune |   |     +-- lodash._basetostring@3.0.1
70 silly idealTree:prePrune |   |     `-- lodash._createpadding@3.6.1
70 silly idealTree:prePrune |   |       `-- lodash.repeat@3.0.1
70 silly idealTree:prePrune |   +-- rc@1.1.5
70 silly idealTree:prePrune |   | +-- deep-extend@0.4.0
70 silly idealTree:prePrune |   | +-- ini@1.3.4
70 silly idealTree:prePrune |   | +-- minimist@1.2.0
70 silly idealTree:prePrune |   | `-- strip-json-comments@1.0.4
70 silly idealTree:prePrune |   +-- request@2.67.0
70 silly idealTree:prePrune |   | +-- aws-sign2@0.6.0
70 silly idealTree:prePrune |   | +-- bl@1.0.0
70 silly idealTree:prePrune |   | | `-- readable-stream@2.0.4
70 silly idealTree:prePrune |   | |   +-- core-util-is@1.0.2
70 silly idealTree:prePrune |   | |   +-- inherits@2.0.1
70 silly idealTree:prePrune |   | |   +-- isarray@0.0.1
70 silly idealTree:prePrune |   | |   +-- process-nextick-args@1.0.3
70 silly idealTree:prePrune |   | |   +-- string_decoder@0.10.31
70 silly idealTree:prePrune |   | |   `-- util-deprecate@1.0.2
70 silly idealTree:prePrune |   | +-- caseless@0.11.0
70 silly idealTree:prePrune |   | +-- combined-stream@1.0.5
70 silly idealTree:prePrune |   | | `-- delayed-stream@1.0.0
70 silly idealTree:prePrune |   | +-- extend@3.0.0
70 silly idealTree:prePrune |   | +-- forever-agent@0.6.1
70 silly idealTree:prePrune |   | +-- form-data@1.0.0-rc3
70 silly idealTree:prePrune |   | | `-- async@1.5.0
70 silly idealTree:prePrune |   | +-- har-validator@2.0.3
70 silly idealTree:prePrune |   | | +-- chalk@1.1.1
70 silly idealTree:prePrune |   | | | +-- ansi-styles@2.1.0
70 silly idealTree:prePrune |   | | | +-- escape-string-regexp@1.0.3
70 silly idealTree:prePrune |   | | | +-- has-ansi@2.0.0
70 silly idealTree:prePrune |   | | | | `-- ansi-regex@2.0.0
70 silly idealTree:prePrune |   | | | +-- strip-ansi@3.0.0
70 silly idealTree:prePrune |   | | | | `-- ansi-regex@2.0.0
70 silly idealTree:prePrune |   | | | `-- supports-color@2.0.0
70 silly idealTree:prePrune |   | | +-- commander@2.9.0
70 silly idealTree:prePrune |   | | | `-- graceful-readlink@1.0.1
70 silly idealTree:prePrune |   | | +-- is-my-json-valid@2.12.3
70 silly idealTree:prePrune |   | | | +-- generate-function@2.0.0
70 silly idealTree:prePrune |   | | | +-- generate-object-property@1.2.0
70 silly idealTree:prePrune |   | | | | `-- is-property@1.0.2
70 silly idealTree:prePrune |   | | | +-- jsonpointer@2.0.0
70 silly idealTree:prePrune |   | | | `-- xtend@4.0.1
70 silly idealTree:prePrune |   | | `-- pinkie-promise@2.0.0
70 silly idealTree:prePrune |   | |   `-- pinkie@2.0.1
70 silly idealTree:prePrune |   | +-- hawk@3.1.2
70 silly idealTree:prePrune |   | | +-- boom@2.10.1
70 silly idealTree:prePrune |   | | +-- cryptiles@2.0.5
70 silly idealTree:prePrune |   | | +-- hoek@2.16.3
70 silly idealTree:prePrune |   | | `-- sntp@1.0.9
70 silly idealTree:prePrune |   | +-- http-signature@1.1.0
70 silly idealTree:prePrune |   | | +-- assert-plus@0.1.5
70 silly idealTree:prePrune |   | | +-- jsprim@1.2.2
70 silly idealTree:prePrune |   | | | +-- extsprintf@1.0.2
70 silly idealTree:prePrune |   | | | +-- json-schema@0.2.2
70 silly idealTree:prePrune |   | | | `-- verror@1.3.6
70 silly idealTree:prePrune |   | | `-- sshpk@1.7.0
70 silly idealTree:prePrune |   | |   +-- asn1@0.2.3
70 silly idealTree:prePrune |   | |   +-- assert-plus@0.2.0
70 silly idealTree:prePrune |   | |   +-- dashdash@1.10.1
70 silly idealTree:prePrune |   | |   | `-- assert-plus@0.1.5
70 silly idealTree:prePrune |   | |   +-- ecc-jsbn@0.1.1
70 silly idealTree:prePrune |   | |   +-- jodid25519@1.0.2
70 silly idealTree:prePrune |   | |   +-- jsbn@0.1.0
70 silly idealTree:prePrune |   | |   `-- tweetnacl@0.13.2
70 silly idealTree:prePrune |   | +-- is-typedarray@1.0.0
70 silly idealTree:prePrune |   | +-- isstream@0.1.2
70 silly idealTree:prePrune |   | +-- json-stringify-safe@5.0.1
70 silly idealTree:prePrune |   | +-- mime-types@2.1.7
70 silly idealTree:prePrune |   | | `-- mime-db@1.19.0
70 silly idealTree:prePrune |   | +-- node-uuid@1.4.7
70 silly idealTree:prePrune |   | +-- oauth-sign@0.8.0
70 silly idealTree:prePrune |   | +-- qs@5.2.0
70 silly idealTree:prePrune |   | +-- stringstream@0.0.5
70 silly idealTree:prePrune |   | +-- tough-cookie@2.2.1
70 silly idealTree:prePrune |   | `-- tunnel-agent@0.4.1
70 silly idealTree:prePrune |   +-- rimraf@2.4.4
70 silly idealTree:prePrune |   | `-- glob@5.0.15
70 silly idealTree:prePrune |   |   +-- inflight@1.0.4
70 silly idealTree:prePrune |   |   | `-- wrappy@1.0.1
70 silly idealTree:prePrune |   |   +-- inherits@2.0.1
70 silly idealTree:prePrune |   |   +-- minimatch@3.0.0
70 silly idealTree:prePrune |   |   | `-- brace-expansion@1.1.1
70 silly idealTree:prePrune |   |   |   +-- balanced-match@0.2.1
70 silly idealTree:prePrune |   |   |   `-- concat-map@0.0.1
70 silly idealTree:prePrune |   |   +-- once@1.3.3
70 silly idealTree:prePrune |   |   | `-- wrappy@1.0.1
70 silly idealTree:prePrune |   |   `-- path-is-absolute@1.0.0
70 silly idealTree:prePrune |   +-- semver@5.1.0
70 silly idealTree:prePrune |   +-- tar-pack@3.1.0
70 silly idealTree:prePrune |   | +-- debug@0.7.4
70 silly idealTree:prePrune |   | +-- fstream-ignore@1.0.3
70 silly idealTree:prePrune |   | | +-- inherits@2.0.1
70 silly idealTree:prePrune |   | | `-- minimatch@3.0.0
70 silly idealTree:prePrune |   | |   `-- brace-expansion@1.1.1
70 silly idealTree:prePrune |   | |     +-- balanced-match@0.2.1
70 silly idealTree:prePrune |   | |     `-- concat-map@0.0.1
70 silly idealTree:prePrune |   | +-- fstream@1.0.8
70 silly idealTree:prePrune |   | | `-- inherits@2.0.1
70 silly idealTree:prePrune |   | +-- graceful-fs@4.1.2
70 silly idealTree:prePrune |   | +-- once@1.1.1
70 silly idealTree:prePrune |   | +-- readable-stream@1.0.33
70 silly idealTree:prePrune |   | | +-- core-util-is@1.0.2
70 silly idealTree:prePrune |   | | +-- inherits@2.0.1
70 silly idealTree:prePrune |   | | +-- isarray@0.0.1
70 silly idealTree:prePrune |   | | `-- string_decoder@0.10.31
70 silly idealTree:prePrune |   | +-- rimraf@2.2.8
70 silly idealTree:prePrune |   | `-- uid-number@0.0.3
70 silly idealTree:prePrune |   `-- tar@2.2.1
70 silly idealTree:prePrune |     +-- block-stream@0.0.8
70 silly idealTree:prePrune |     +-- fstream@1.0.8
70 silly idealTree:prePrune |     | `-- graceful-fs@4.1.2
70 silly idealTree:prePrune |     `-- inherits@2.0.1
70 silly idealTree:prePrune +-- options@0.0.6
70 silly idealTree:prePrune +-- os-tmpdir@1.0.1
70 silly idealTree:prePrune +-- parsejson@0.0.1
70 silly idealTree:prePrune +-- parseqs@0.0.2
70 silly idealTree:prePrune +-- parseuri@0.0.4
70 silly idealTree:prePrune +-- parseurl@1.3.1
70 silly idealTree:prePrune +-- path-exists@1.0.0
70 silly idealTree:prePrune +-- path-is-absolute@1.0.0
70 silly idealTree:prePrune +-- path-to-regexp@0.1.7
70 silly idealTree:prePrune +-- private@0.1.6
70 silly idealTree:prePrune +-- promise@7.1.1
70 silly idealTree:prePrune +-- proxy-addr@1.0.10
70 silly idealTree:prePrune +-- qs@4.0.0
70 silly idealTree:prePrune +-- range-parser@1.0.3
70 silly idealTree:prePrune +-- react-dom@0.14.7
70 silly idealTree:prePrune +-- react@0.14.7
70 silly idealTree:prePrune +-- regenerate@1.2.1
70 silly idealTree:prePrune +-- regexpu-core@1.0.0
70 silly idealTree:prePrune +-- regjsgen@0.2.0
70 silly idealTree:prePrune +-- regjsparser@0.1.5
70 silly idealTree:prePrune +-- repeating@1.1.3
70 silly idealTree:prePrune +-- send@0.13.1
70 silly idealTree:prePrune +-- serve-static@1.10.2
70 silly idealTree:prePrune +-- shebang-regex@1.0.0
70 silly idealTree:prePrune +-- slash@1.0.0
70 silly idealTree:prePrune +-- socket.io-adapter@0.4.0
70 silly idealTree:prePrune | `-- socket.io-parser@2.2.2
70 silly idealTree:prePrune |   `-- debug@0.7.4
70 silly idealTree:prePrune +-- socket.io-client@1.4.5
70 silly idealTree:prePrune | `-- component-emitter@1.2.0
70 silly idealTree:prePrune +-- socket.io-parser@2.2.6
70 silly idealTree:prePrune | `-- json3@3.3.2
70 silly idealTree:prePrune +-- socket.io-stream@0.9.0
70 silly idealTree:prePrune +-- socket.io@1.4.5
70 silly idealTree:prePrune +-- source-map-support@0.2.10
70 silly idealTree:prePrune | `-- source-map@0.1.32
70 silly idealTree:prePrune +-- source-map@0.5.3
70 silly idealTree:prePrune +-- statuses@1.2.1
70 silly idealTree:prePrune +-- strip-ansi@3.0.1
70 silly idealTree:prePrune +-- supports-color@2.0.0
70 silly idealTree:prePrune +-- through@2.3.8
70 silly idealTree:prePrune +-- to-array@0.1.4
70 silly idealTree:prePrune +-- to-fast-properties@1.0.1
70 silly idealTree:prePrune +-- trim-right@1.0.1
70 silly idealTree:prePrune +-- type-is@1.6.12
70 silly idealTree:prePrune +-- ua-parser-js@0.7.10
70 silly idealTree:prePrune +-- ultron@1.0.2
70 silly idealTree:prePrune +-- unpipe@1.0.0
70 silly idealTree:prePrune +-- user-home@1.1.1
70 silly idealTree:prePrune +-- utf8@2.1.0
70 silly idealTree:prePrune +-- utils-merge@1.0.0
70 silly idealTree:prePrune +-- vary@1.0.1
70 silly idealTree:prePrune +-- whatwg-fetch@0.9.0
70 silly idealTree:prePrune +-- ws@1.0.1
70 silly idealTree:prePrune +-- xmlhttprequest-ssl@1.5.1
70 silly idealTree:prePrune `-- yeast@0.1.2
71 silly loadIdealTree Finishing
72 silly currentTree node-camera-testing@1.0.0
72 silly currentTree +-- accepts@1.2.13
72 silly currentTree +-- after@0.8.1
72 silly currentTree +-- amdefine@1.0.0
72 silly currentTree +-- ansi-regex@2.0.0
72 silly currentTree +-- ansi-styles@2.2.0
72 silly currentTree +-- array-flatten@1.1.1
72 silly currentTree +-- arraybuffer.slice@0.0.6
72 silly currentTree +-- asap@2.0.3
72 silly currentTree +-- babel-code-frame@6.6.5
72 silly currentTree +-- babel-core@6.6.5
72 silly currentTree +-- babel-generator@6.6.5
72 silly currentTree +-- babel-helper-builder-react-jsx@6.6.5
72 silly currentTree +-- babel-helper-call-delegate@6.6.5
72 silly currentTree +-- babel-helper-define-map@6.6.5
72 silly currentTree +-- babel-helper-function-name@6.6.0
72 silly currentTree +-- babel-helper-get-function-arity@6.6.5
72 silly currentTree +-- babel-helper-hoist-variables@6.6.5
72 silly currentTree +-- babel-helper-optimise-call-expression@6.6.0
72 silly currentTree +-- babel-helper-regex@6.6.5
72 silly currentTree +-- babel-helper-replace-supers@6.6.5
72 silly currentTree +-- babel-helpers@6.6.0
72 silly currentTree +-- babel-loader@6.2.4
72 silly currentTree +-- babel-messages@6.6.5
72 silly currentTree +-- babel-plugin-check-es2015-constants@6.6.5
72 silly currentTree +-- babel-plugin-syntax-async-functions@6.5.0
72 silly currentTree +-- babel-plugin-syntax-flow@6.5.0
72 silly currentTree +-- babel-plugin-syntax-jsx@6.5.0
72 silly currentTree +-- babel-plugin-transform-es2015-arrow-functions@6.5.2
72 silly currentTree +-- babel-plugin-transform-es2015-block-scoped-functions@6.6.5
72 silly currentTree +-- babel-plugin-transform-es2015-block-scoping@6.6.5
72 silly currentTree +-- babel-plugin-transform-es2015-classes@6.6.5
72 silly currentTree +-- babel-plugin-transform-es2015-computed-properties@6.6.5
72 silly currentTree +-- babel-plugin-transform-es2015-destructuring@6.6.5
72 silly currentTree +-- babel-plugin-transform-es2015-duplicate-keys@6.6.4
72 silly currentTree +-- babel-plugin-transform-es2015-for-of@6.6.0
72 silly currentTree +-- babel-plugin-transform-es2015-function-name@6.5.0
72 silly currentTree +-- babel-plugin-transform-es2015-literals@6.5.0
72 silly currentTree +-- babel-plugin-transform-es2015-modules-commonjs@6.6.5
72 silly currentTree +-- babel-plugin-transform-es2015-object-super@6.6.5
72 silly currentTree +-- babel-plugin-transform-es2015-parameters@6.6.5
72 silly currentTree +-- babel-plugin-transform-es2015-shorthand-properties@6.5.0
72 silly currentTree +-- babel-plugin-transform-es2015-spread@6.6.5
72 silly currentTree +-- babel-plugin-transform-es2015-sticky-regex@6.5.0
72 silly currentTree +-- babel-plugin-transform-es2015-template-literals@6.6.5
72 silly currentTree +-- babel-plugin-transform-es2015-typeof-symbol@6.6.0
72 silly currentTree +-- babel-plugin-transform-es2015-unicode-regex@6.5.0
72 silly currentTree +-- babel-plugin-transform-flow-strip-types@6.6.5
72 silly currentTree +-- babel-plugin-transform-react-display-name@6.5.0
72 silly currentTree +-- babel-plugin-transform-react-jsx-source@6.5.0
72 silly currentTree +-- babel-plugin-transform-react-jsx@6.6.5
72 silly currentTree +-- babel-plugin-transform-regenerator@6.6.5
72 silly currentTree +-- babel-plugin-transform-strict-mode@6.6.5
72 silly currentTree +-- babel-preset-es2015@6.6.0
72 silly currentTree +-- babel-preset-react@6.5.0
72 silly currentTree +-- babel-register@6.6.5
72 silly currentTree | `-- core-js@2.1.4
72 silly currentTree +-- babel-runtime@5.8.35
72 silly currentTree +-- babel-template@6.6.5
72 silly currentTree +-- babel-traverse@6.6.5
72 silly currentTree +-- babel-types@6.6.5
72 silly currentTree +-- babel@6.5.2
72 silly currentTree +-- babylon@6.6.5
72 silly currentTree +-- backo2@1.0.2
72 silly currentTree +-- balanced-match@0.3.0
72 silly currentTree +-- base62@0.1.1
72 silly currentTree +-- base64-arraybuffer@0.1.2
72 silly currentTree +-- base64id@0.1.0
72 silly currentTree +-- benchmark@1.0.0
72 silly currentTree +-- better-assert@1.0.2
72 silly currentTree +-- big.js@3.1.3
72 silly currentTree +-- blob@0.0.4
72 silly currentTree +-- brace-expansion@1.1.3
72 silly currentTree +-- buffers@0.1.1
72 silly currentTree +-- callsite@1.0.0
72 silly currentTree +-- chalk@1.1.1
72 silly currentTree +-- color-convert@1.0.0
72 silly currentTree +-- component-bind@1.0.0
72 silly currentTree +-- component-emitter@1.1.2
72 silly currentTree +-- component-inherit@0.0.3
72 silly currentTree +-- concat-map@0.0.1
72 silly currentTree +-- content-disposition@0.5.1
72 silly currentTree +-- content-type@1.0.1
72 silly currentTree +-- convert-source-map@1.2.0
72 silly currentTree +-- cookie-signature@1.0.6
72 silly currentTree +-- cookie@0.1.5
72 silly currentTree +-- core-js@1.2.6
72 silly currentTree +-- debug@2.2.0
72 silly currentTree +-- depd@1.1.0
72 silly currentTree +-- destroy@1.0.4
72 silly currentTree +-- detect-indent@3.0.1
72 silly currentTree +-- ee-first@1.1.1
72 silly currentTree +-- engine.io-client@1.6.8
72 silly currentTree +-- engine.io-parser@1.2.4
72 silly currentTree | `-- has-binary@0.1.6
72 silly currentTree +-- engine.io@1.6.8
72 silly currentTree | +-- accepts@1.1.4
72 silly currentTree | +-- mime-db@1.12.0
72 silly currentTree | +-- mime-types@2.0.14
72 silly currentTree | `-- negotiator@0.4.9
72 silly currentTree +-- envify@3.4.0
72 silly currentTree +-- escape-html@1.0.3
72 silly currentTree +-- escape-string-regexp@1.0.5
72 silly currentTree +-- esprima-fb@13001.1001.0-dev-harmony-fb
72 silly currentTree +-- esutils@2.0.2
72 silly currentTree +-- etag@1.7.0
72 silly currentTree +-- express@4.13.4
72 silly currentTree +-- fbjs@0.6.1
72 silly currentTree +-- finalhandler@0.4.1
72 silly currentTree +-- forwarded@0.1.0
72 silly currentTree +-- fresh@0.3.0
72 silly currentTree +-- get-stdin@4.0.1
72 silly currentTree +-- globals@8.18.0
72 silly currentTree +-- has-ansi@2.0.0
72 silly currentTree +-- has-binary@0.1.7
72 silly currentTree +-- has-cors@1.1.0
72 silly currentTree +-- home-or-tmp@1.0.0
72 silly currentTree +-- http-errors@1.3.1
72 silly currentTree +-- indexof@0.0.1
72 silly currentTree +-- inherits@2.0.1
72 silly currentTree +-- invariant@2.2.0
72 silly currentTree +-- ipaddr.js@1.0.5
72 silly currentTree +-- is-finite@1.0.1
72 silly currentTree +-- is-integer@1.0.6
72 silly currentTree +-- isarray@0.0.1
72 silly currentTree +-- js-tokens@1.0.2
72 silly currentTree +-- jsesc@0.5.0
72 silly currentTree +-- json3@3.2.6
72 silly currentTree +-- json5@0.4.0
72 silly currentTree +-- jstransform@10.1.0
72 silly currentTree | `-- source-map@0.1.31
72 silly currentTree +-- left-pad@0.0.3
72 silly currentTree +-- line-numbers@0.2.0
72 silly currentTree +-- loader-utils@0.2.12
72 silly currentTree +-- lodash@3.10.1
72 silly currentTree +-- loose-envify@1.1.0
72 silly currentTree +-- media-typer@0.3.0
72 silly currentTree +-- merge-descriptors@1.0.1
72 silly currentTree +-- methods@1.1.2
72 silly currentTree +-- mime-db@1.22.0
72 silly currentTree +-- mime-types@2.1.10
72 silly currentTree +-- mime@1.3.4
72 silly currentTree +-- minimatch@2.0.10
72 silly currentTree +-- minimist@1.2.0
72 silly currentTree +-- mkdirp@0.5.1
72 silly currentTree | `-- minimist@0.0.8
72 silly currentTree +-- ms@0.7.1
72 silly currentTree +-- nan@2.2.0
72 silly currentTree +-- negotiator@0.5.3
72 silly currentTree +-- number-is-nan@1.0.0
72 silly currentTree +-- object-assign@4.0.1
72 silly currentTree +-- object-component@0.0.3
72 silly currentTree +-- on-finished@2.3.0
72 silly currentTree +-- opencv@5.0.0
72 silly currentTree | `-- node-pre-gyp@0.6.17
72 silly currentTree |   +-- mkdirp@0.5.1
72 silly currentTree |   | `-- minimist@0.0.8
72 silly currentTree |   +-- nopt@3.0.6
72 silly currentTree |   | `-- abbrev@1.0.7
72 silly currentTree |   +-- npmlog@2.0.0
72 silly currentTree |   | +-- ansi@0.3.0
72 silly currentTree |   | +-- are-we-there-yet@1.0.4
72 silly currentTree |   | | +-- delegates@0.1.0
72 silly currentTree |   | | `-- readable-stream@1.1.13
72 silly currentTree |   | |   +-- core-util-is@1.0.2
72 silly currentTree |   | |   +-- inherits@2.0.1
72 silly currentTree |   | |   +-- isarray@0.0.1
72 silly currentTree |   | |   `-- string_decoder@0.10.31
72 silly currentTree |   | `-- gauge@1.2.2
72 silly currentTree |   |   +-- has-unicode@1.0.1
72 silly currentTree |   |   +-- lodash.pad@3.1.1
72 silly currentTree |   |   | +-- lodash._basetostring@3.0.1
72 silly currentTree |   |   | `-- lodash._createpadding@3.6.1
72 silly currentTree |   |   |   `-- lodash.repeat@3.0.1
72 silly currentTree |   |   +-- lodash.padleft@3.1.1
72 silly currentTree |   |   | +-- lodash._basetostring@3.0.1
72 silly currentTree |   |   | `-- lodash._createpadding@3.6.1
72 silly currentTree |   |   |   `-- lodash.repeat@3.0.1
72 silly currentTree |   |   `-- lodash.padright@3.1.1
72 silly currentTree |   |     +-- lodash._basetostring@3.0.1
72 silly currentTree |   |     `-- lodash._createpadding@3.6.1
72 silly currentTree |   |       `-- lodash.repeat@3.0.1
72 silly currentTree |   +-- rc@1.1.5
72 silly currentTree |   | +-- deep-extend@0.4.0
72 silly currentTree |   | +-- ini@1.3.4
72 silly currentTree |   | +-- minimist@1.2.0
72 silly currentTree |   | `-- strip-json-comments@1.0.4
72 silly currentTree |   +-- request@2.67.0
72 silly currentTree |   | +-- aws-sign2@0.6.0
72 silly currentTree |   | +-- bl@1.0.0
72 silly currentTree |   | | `-- readable-stream@2.0.4
72 silly currentTree |   | |   +-- core-util-is@1.0.2
72 silly currentTree |   | |   +-- inherits@2.0.1
72 silly currentTree |   | |   +-- isarray@0.0.1
72 silly currentTree |   | |   +-- process-nextick-args@1.0.3
72 silly currentTree |   | |   +-- string_decoder@0.10.31
72 silly currentTree |   | |   `-- util-deprecate@1.0.2
72 silly currentTree |   | +-- caseless@0.11.0
72 silly currentTree |   | +-- combined-stream@1.0.5
72 silly currentTree |   | | `-- delayed-stream@1.0.0
72 silly currentTree |   | +-- extend@3.0.0
72 silly currentTree |   | +-- forever-agent@0.6.1
72 silly currentTree |   | +-- form-data@1.0.0-rc3
72 silly currentTree |   | | `-- async@1.5.0
72 silly currentTree |   | +-- har-validator@2.0.3
72 silly currentTree |   | | +-- chalk@1.1.1
72 silly currentTree |   | | | +-- ansi-styles@2.1.0
72 silly currentTree |   | | | +-- escape-string-regexp@1.0.3
72 silly currentTree |   | | | +-- has-ansi@2.0.0
72 silly currentTree |   | | | | `-- ansi-regex@2.0.0
72 silly currentTree |   | | | +-- strip-ansi@3.0.0
72 silly currentTree |   | | | | `-- ansi-regex@2.0.0
72 silly currentTree |   | | | `-- supports-color@2.0.0
72 silly currentTree |   | | +-- commander@2.9.0
72 silly currentTree |   | | | `-- graceful-readlink@1.0.1
72 silly currentTree |   | | +-- is-my-json-valid@2.12.3
72 silly currentTree |   | | | +-- generate-function@2.0.0
72 silly currentTree |   | | | +-- generate-object-property@1.2.0
72 silly currentTree |   | | | | `-- is-property@1.0.2
72 silly currentTree |   | | | +-- jsonpointer@2.0.0
72 silly currentTree |   | | | `-- xtend@4.0.1
72 silly currentTree |   | | `-- pinkie-promise@2.0.0
72 silly currentTree |   | |   `-- pinkie@2.0.1
72 silly currentTree |   | +-- hawk@3.1.2
72 silly currentTree |   | | +-- boom@2.10.1
72 silly currentTree |   | | +-- cryptiles@2.0.5
72 silly currentTree |   | | +-- hoek@2.16.3
72 silly currentTree |   | | `-- sntp@1.0.9
72 silly currentTree |   | +-- http-signature@1.1.0
72 silly currentTree |   | | +-- assert-plus@0.1.5
72 silly currentTree |   | | +-- jsprim@1.2.2
72 silly currentTree |   | | | +-- extsprintf@1.0.2
72 silly currentTree |   | | | +-- json-schema@0.2.2
72 silly currentTree |   | | | `-- verror@1.3.6
72 silly currentTree |   | | `-- sshpk@1.7.0
72 silly currentTree |   | |   +-- asn1@0.2.3
72 silly currentTree |   | |   +-- assert-plus@0.2.0
72 silly currentTree |   | |   +-- dashdash@1.10.1
72 silly currentTree |   | |   | `-- assert-plus@0.1.5
72 silly currentTree |   | |   +-- ecc-jsbn@0.1.1
72 silly currentTree |   | |   +-- jodid25519@1.0.2
72 silly currentTree |   | |   +-- jsbn@0.1.0
72 silly currentTree |   | |   `-- tweetnacl@0.13.2
72 silly currentTree |   | +-- is-typedarray@1.0.0
72 silly currentTree |   | +-- isstream@0.1.2
72 silly currentTree |   | +-- json-stringify-safe@5.0.1
72 silly currentTree |   | +-- mime-types@2.1.7
72 silly currentTree |   | | `-- mime-db@1.19.0
72 silly currentTree |   | +-- node-uuid@1.4.7
72 silly currentTree |   | +-- oauth-sign@0.8.0
72 silly currentTree |   | +-- qs@5.2.0
72 silly currentTree |   | +-- stringstream@0.0.5
72 silly currentTree |   | +-- tough-cookie@2.2.1
72 silly currentTree |   | `-- tunnel-agent@0.4.1
72 silly currentTree |   +-- rimraf@2.4.4
72 silly currentTree |   | `-- glob@5.0.15
72 silly currentTree |   |   +-- inflight@1.0.4
72 silly currentTree |   |   | `-- wrappy@1.0.1
72 silly currentTree |   |   +-- inherits@2.0.1
72 silly currentTree |   |   +-- minimatch@3.0.0
72 silly currentTree |   |   | `-- brace-expansion@1.1.1
72 silly currentTree |   |   |   +-- balanced-match@0.2.1
72 silly currentTree |   |   |   `-- concat-map@0.0.1
72 silly currentTree |   |   +-- once@1.3.3
72 silly currentTree |   |   | `-- wrappy@1.0.1
72 silly currentTree |   |   `-- path-is-absolute@1.0.0
72 silly currentTree |   +-- semver@5.1.0
72 silly currentTree |   +-- tar-pack@3.1.0
72 silly currentTree |   | +-- debug@0.7.4
72 silly currentTree |   | +-- fstream-ignore@1.0.3
72 silly currentTree |   | | +-- inherits@2.0.1
72 silly currentTree |   | | `-- minimatch@3.0.0
72 silly currentTree |   | |   `-- brace-expansion@1.1.1
72 silly currentTree |   | |     +-- balanced-match@0.2.1
72 silly currentTree |   | |     `-- concat-map@0.0.1
72 silly currentTree |   | +-- fstream@1.0.8
72 silly currentTree |   | | `-- inherits@2.0.1
72 silly currentTree |   | +-- graceful-fs@4.1.2
72 silly currentTree |   | +-- once@1.1.1
72 silly currentTree |   | +-- readable-stream@1.0.33
72 silly currentTree |   | | +-- core-util-is@1.0.2
72 silly currentTree |   | | +-- inherits@2.0.1
72 silly currentTree |   | | +-- isarray@0.0.1
72 silly currentTree |   | | `-- string_decoder@0.10.31
72 silly currentTree |   | +-- rimraf@2.2.8
72 silly currentTree |   | `-- uid-number@0.0.3
72 silly currentTree |   `-- tar@2.2.1
72 silly currentTree |     +-- block-stream@0.0.8
72 silly currentTree |     +-- fstream@1.0.8
72 silly currentTree |     | `-- graceful-fs@4.1.2
72 silly currentTree |     `-- inherits@2.0.1
72 silly currentTree +-- options@0.0.6
72 silly currentTree +-- os-tmpdir@1.0.1
72 silly currentTree +-- parsejson@0.0.1
72 silly currentTree +-- parseqs@0.0.2
72 silly currentTree +-- parseuri@0.0.4
72 silly currentTree +-- parseurl@1.3.1
72 silly currentTree +-- path-exists@1.0.0
72 silly currentTree +-- path-is-absolute@1.0.0
72 silly currentTree +-- path-to-regexp@0.1.7
72 silly currentTree +-- private@0.1.6
72 silly currentTree +-- promise@7.1.1
72 silly currentTree +-- proxy-addr@1.0.10
72 silly currentTree +-- qs@4.0.0
72 silly currentTree +-- range-parser@1.0.3
72 silly currentTree +-- react-dom@0.14.7
72 silly currentTree +-- react@0.14.7
72 silly currentTree +-- regenerate@1.2.1
72 silly currentTree +-- regexpu-core@1.0.0
72 silly currentTree +-- regjsgen@0.2.0
72 silly currentTree +-- regjsparser@0.1.5
72 silly currentTree +-- repeating@1.1.3
72 silly currentTree +-- send@0.13.1
72 silly currentTree +-- serve-static@1.10.2
72 silly currentTree +-- shebang-regex@1.0.0
72 silly currentTree +-- slash@1.0.0
72 silly currentTree +-- socket.io-adapter@0.4.0
72 silly currentTree | `-- socket.io-parser@2.2.2
72 silly currentTree |   `-- debug@0.7.4
72 silly currentTree +-- socket.io-client@1.4.5
72 silly currentTree | `-- component-emitter@1.2.0
72 silly currentTree +-- socket.io-parser@2.2.6
72 silly currentTree | `-- json3@3.3.2
72 silly currentTree +-- socket.io-stream@0.9.0
72 silly currentTree +-- socket.io@1.4.5
72 silly currentTree +-- source-map-support@0.2.10
72 silly currentTree | `-- source-map@0.1.32
72 silly currentTree +-- source-map@0.5.3
72 silly currentTree +-- statuses@1.2.1
72 silly currentTree +-- strip-ansi@3.0.1
72 silly currentTree +-- supports-color@2.0.0
72 silly currentTree +-- through@2.3.8
72 silly currentTree +-- to-array@0.1.4
72 silly currentTree +-- to-fast-properties@1.0.1
72 silly currentTree +-- trim-right@1.0.1
72 silly currentTree +-- type-is@1.6.12
72 silly currentTree +-- ua-parser-js@0.7.10
72 silly currentTree +-- ultron@1.0.2
72 silly currentTree +-- unpipe@1.0.0
72 silly currentTree +-- user-home@1.1.1
72 silly currentTree +-- utf8@2.1.0
72 silly currentTree +-- utils-merge@1.0.0
72 silly currentTree +-- vary@1.0.1
72 silly currentTree +-- whatwg-fetch@0.9.0
72 silly currentTree +-- ws@1.0.1
72 silly currentTree +-- xmlhttprequest-ssl@1.5.1
72 silly currentTree `-- yeast@0.1.2
73 silly idealTree node-camera-testing@1.0.0
73 silly idealTree +-- accepts@1.2.13
73 silly idealTree +-- after@0.8.1
73 silly idealTree +-- amdefine@1.0.0
73 silly idealTree +-- ansi-regex@2.0.0
73 silly idealTree +-- ansi-styles@2.2.0
73 silly idealTree +-- array-flatten@1.1.1
73 silly idealTree +-- arraybuffer.slice@0.0.6
73 silly idealTree +-- asap@2.0.3
73 silly idealTree +-- babel-code-frame@6.6.5
73 silly idealTree +-- babel-core@6.6.5
73 silly idealTree +-- babel-generator@6.6.5
73 silly idealTree +-- babel-helper-builder-react-jsx@6.6.5
73 silly idealTree +-- babel-helper-call-delegate@6.6.5
73 silly idealTree +-- babel-helper-define-map@6.6.5
73 silly idealTree +-- babel-helper-function-name@6.6.0
73 silly idealTree +-- babel-helper-get-function-arity@6.6.5
73 silly idealTree +-- babel-helper-hoist-variables@6.6.5
73 silly idealTree +-- babel-helper-optimise-call-expression@6.6.0
73 silly idealTree +-- babel-helper-regex@6.6.5
73 silly idealTree +-- babel-helper-replace-supers@6.6.5
73 silly idealTree +-- babel-helpers@6.6.0
73 silly idealTree +-- babel-loader@6.2.4
73 silly idealTree +-- babel-messages@6.6.5
73 silly idealTree +-- babel-plugin-check-es2015-constants@6.6.5
73 silly idealTree +-- babel-plugin-syntax-async-functions@6.5.0
73 silly idealTree +-- babel-plugin-syntax-flow@6.5.0
73 silly idealTree +-- babel-plugin-syntax-jsx@6.5.0
73 silly idealTree +-- babel-plugin-transform-es2015-arrow-functions@6.5.2
73 silly idealTree +-- babel-plugin-transform-es2015-block-scoped-functions@6.6.5
73 silly idealTree +-- babel-plugin-transform-es2015-block-scoping@6.6.5
73 silly idealTree +-- babel-plugin-transform-es2015-classes@6.6.5
73 silly idealTree +-- babel-plugin-transform-es2015-computed-properties@6.6.5
73 silly idealTree +-- babel-plugin-transform-es2015-destructuring@6.6.5
73 silly idealTree +-- babel-plugin-transform-es2015-duplicate-keys@6.6.4
73 silly idealTree +-- babel-plugin-transform-es2015-for-of@6.6.0
73 silly idealTree +-- babel-plugin-transform-es2015-function-name@6.5.0
73 silly idealTree +-- babel-plugin-transform-es2015-literals@6.5.0
73 silly idealTree +-- babel-plugin-transform-es2015-modules-commonjs@6.6.5
73 silly idealTree +-- babel-plugin-transform-es2015-object-super@6.6.5
73 silly idealTree +-- babel-plugin-transform-es2015-parameters@6.6.5
73 silly idealTree +-- babel-plugin-transform-es2015-shorthand-properties@6.5.0
73 silly idealTree +-- babel-plugin-transform-es2015-spread@6.6.5
73 silly idealTree +-- babel-plugin-transform-es2015-sticky-regex@6.5.0
73 silly idealTree +-- babel-plugin-transform-es2015-template-literals@6.6.5
73 silly idealTree +-- babel-plugin-transform-es2015-typeof-symbol@6.6.0
73 silly idealTree +-- babel-plugin-transform-es2015-unicode-regex@6.5.0
73 silly idealTree +-- babel-plugin-transform-flow-strip-types@6.6.5
73 silly idealTree +-- babel-plugin-transform-react-display-name@6.5.0
73 silly idealTree +-- babel-plugin-transform-react-jsx-source@6.5.0
73 silly idealTree +-- babel-plugin-transform-react-jsx@6.6.5
73 silly idealTree +-- babel-plugin-transform-regenerator@6.6.5
73 silly idealTree +-- babel-plugin-transform-strict-mode@6.6.5
73 silly idealTree +-- babel-preset-es2015@6.6.0
73 silly idealTree +-- babel-preset-react@6.5.0
73 silly idealTree +-- babel-register@6.6.5
73 silly idealTree | `-- core-js@2.1.4
73 silly idealTree +-- babel-runtime@5.8.35
73 silly idealTree +-- babel-template@6.6.5
73 silly idealTree +-- babel-traverse@6.6.5
73 silly idealTree +-- babel-types@6.6.5
73 silly idealTree +-- babel@6.5.2
73 silly idealTree +-- babylon@6.6.5
73 silly idealTree +-- backo2@1.0.2
73 silly idealTree +-- balanced-match@0.3.0
73 silly idealTree +-- base62@0.1.1
73 silly idealTree +-- base64-arraybuffer@0.1.2
73 silly idealTree +-- base64id@0.1.0
73 silly idealTree +-- benchmark@1.0.0
73 silly idealTree +-- better-assert@1.0.2
73 silly idealTree +-- big.js@3.1.3
73 silly idealTree +-- blob@0.0.4
73 silly idealTree +-- brace-expansion@1.1.3
73 silly idealTree +-- buffers@0.1.1
73 silly idealTree +-- callsite@1.0.0
73 silly idealTree +-- chalk@1.1.1
73 silly idealTree +-- color-convert@1.0.0
73 silly idealTree +-- component-bind@1.0.0
73 silly idealTree +-- component-emitter@1.1.2
73 silly idealTree +-- component-inherit@0.0.3
73 silly idealTree +-- concat-map@0.0.1
73 silly idealTree +-- content-disposition@0.5.1
73 silly idealTree +-- content-type@1.0.1
73 silly idealTree +-- convert-source-map@1.2.0
73 silly idealTree +-- cookie-signature@1.0.6
73 silly idealTree +-- cookie@0.1.5
73 silly idealTree +-- core-js@1.2.6
73 silly idealTree +-- debug@2.2.0
73 silly idealTree +-- depd@1.1.0
73 silly idealTree +-- destroy@1.0.4
73 silly idealTree +-- detect-indent@3.0.1
73 silly idealTree +-- ee-first@1.1.1
73 silly idealTree +-- engine.io-client@1.6.8
73 silly idealTree +-- engine.io-parser@1.2.4
73 silly idealTree | `-- has-binary@0.1.6
73 silly idealTree +-- engine.io@1.6.8
73 silly idealTree | +-- accepts@1.1.4
73 silly idealTree | +-- mime-db@1.12.0
73 silly idealTree | +-- mime-types@2.0.14
73 silly idealTree | `-- negotiator@0.4.9
73 silly idealTree +-- envify@3.4.0
73 silly idealTree +-- escape-html@1.0.3
73 silly idealTree +-- escape-string-regexp@1.0.5
73 silly idealTree +-- esprima-fb@13001.1001.0-dev-harmony-fb
73 silly idealTree +-- esutils@2.0.2
73 silly idealTree +-- etag@1.7.0
73 silly idealTree +-- express@4.13.4
73 silly idealTree +-- fbjs@0.6.1
73 silly idealTree +-- finalhandler@0.4.1
73 silly idealTree +-- forwarded@0.1.0
73 silly idealTree +-- fresh@0.3.0
73 silly idealTree +-- get-stdin@4.0.1
73 silly idealTree +-- globals@8.18.0
73 silly idealTree +-- has-ansi@2.0.0
73 silly idealTree +-- has-binary@0.1.7
73 silly idealTree +-- has-cors@1.1.0
73 silly idealTree +-- home-or-tmp@1.0.0
73 silly idealTree +-- http-errors@1.3.1
73 silly idealTree +-- indexof@0.0.1
73 silly idealTree +-- inherits@2.0.1
73 silly idealTree +-- invariant@2.2.0
73 silly idealTree +-- ipaddr.js@1.0.5
73 silly idealTree +-- is-finite@1.0.1
73 silly idealTree +-- is-integer@1.0.6
73 silly idealTree +-- isarray@0.0.1
73 silly idealTree +-- jpeg@2.0.0
73 silly idealTree +-- js-tokens@1.0.2
73 silly idealTree +-- jsesc@0.5.0
73 silly idealTree +-- json3@3.2.6
73 silly idealTree +-- json5@0.4.0
73 silly idealTree +-- jstransform@10.1.0
73 silly idealTree | `-- source-map@0.1.31
73 silly idealTree +-- left-pad@0.0.3
73 silly idealTree +-- line-numbers@0.2.0
73 silly idealTree +-- loader-utils@0.2.12
73 silly idealTree +-- lodash@3.10.1
73 silly idealTree +-- loose-envify@1.1.0
73 silly idealTree +-- media-typer@0.3.0
73 silly idealTree +-- merge-descriptors@1.0.1
73 silly idealTree +-- methods@1.1.2
73 silly idealTree +-- mime-db@1.22.0
73 silly idealTree +-- mime-types@2.1.10
73 silly idealTree +-- mime@1.3.4
73 silly idealTree +-- minimatch@2.0.10
73 silly idealTree +-- minimist@1.2.0
73 silly idealTree +-- mkdirp@0.5.1
73 silly idealTree | `-- minimist@0.0.8
73 silly idealTree +-- ms@0.7.1
73 silly idealTree +-- nan@2.2.0
73 silly idealTree +-- negotiator@0.5.3
73 silly idealTree +-- number-is-nan@1.0.0
73 silly idealTree +-- object-assign@4.0.1
73 silly idealTree +-- object-component@0.0.3
73 silly idealTree +-- on-finished@2.3.0
73 silly idealTree +-- opencv@5.0.0
73 silly idealTree | `-- node-pre-gyp@0.6.17
73 silly idealTree |   +-- mkdirp@0.5.1
73 silly idealTree |   | `-- minimist@0.0.8
73 silly idealTree |   +-- nopt@3.0.6
73 silly idealTree |   | `-- abbrev@1.0.7
73 silly idealTree |   +-- npmlog@2.0.0
73 silly idealTree |   | +-- ansi@0.3.0
73 silly idealTree |   | +-- are-we-there-yet@1.0.4
73 silly idealTree |   | | +-- delegates@0.1.0
73 silly idealTree |   | | `-- readable-stream@1.1.13
73 silly idealTree |   | |   +-- core-util-is@1.0.2
73 silly idealTree |   | |   +-- inherits@2.0.1
73 silly idealTree |   | |   +-- isarray@0.0.1
73 silly idealTree |   | |   `-- string_decoder@0.10.31
73 silly idealTree |   | `-- gauge@1.2.2
73 silly idealTree |   |   +-- has-unicode@1.0.1
73 silly idealTree |   |   +-- lodash.pad@3.1.1
73 silly idealTree |   |   | +-- lodash._basetostring@3.0.1
73 silly idealTree |   |   | `-- lodash._createpadding@3.6.1
73 silly idealTree |   |   |   `-- lodash.repeat@3.0.1
73 silly idealTree |   |   +-- lodash.padleft@3.1.1
73 silly idealTree |   |   | +-- lodash._basetostring@3.0.1
73 silly idealTree |   |   | `-- lodash._createpadding@3.6.1
73 silly idealTree |   |   |   `-- lodash.repeat@3.0.1
73 silly idealTree |   |   `-- lodash.padright@3.1.1
73 silly idealTree |   |     +-- lodash._basetostring@3.0.1
73 silly idealTree |   |     `-- lodash._createpadding@3.6.1
73 silly idealTree |   |       `-- lodash.repeat@3.0.1
73 silly idealTree |   +-- rc@1.1.5
73 silly idealTree |   | +-- deep-extend@0.4.0
73 silly idealTree |   | +-- ini@1.3.4
73 silly idealTree |   | +-- minimist@1.2.0
73 silly idealTree |   | `-- strip-json-comments@1.0.4
73 silly idealTree |   +-- request@2.67.0
73 silly idealTree |   | +-- aws-sign2@0.6.0
73 silly idealTree |   | +-- bl@1.0.0
73 silly idealTree |   | | `-- readable-stream@2.0.4
73 silly idealTree |   | |   +-- core-util-is@1.0.2
73 silly idealTree |   | |   +-- inherits@2.0.1
73 silly idealTree |   | |   +-- isarray@0.0.1
73 silly idealTree |   | |   +-- process-nextick-args@1.0.3
73 silly idealTree |   | |   +-- string_decoder@0.10.31
73 silly idealTree |   | |   `-- util-deprecate@1.0.2
73 silly idealTree |   | +-- caseless@0.11.0
73 silly idealTree |   | +-- combined-stream@1.0.5
73 silly idealTree |   | | `-- delayed-stream@1.0.0
73 silly idealTree |   | +-- extend@3.0.0
73 silly idealTree |   | +-- forever-agent@0.6.1
73 silly idealTree |   | +-- form-data@1.0.0-rc3
73 silly idealTree |   | | `-- async@1.5.0
73 silly idealTree |   | +-- har-validator@2.0.3
73 silly idealTree |   | | +-- chalk@1.1.1
73 silly idealTree |   | | | +-- ansi-styles@2.1.0
73 silly idealTree |   | | | +-- escape-string-regexp@1.0.3
73 silly idealTree |   | | | +-- has-ansi@2.0.0
73 silly idealTree |   | | | | `-- ansi-regex@2.0.0
73 silly idealTree |   | | | +-- strip-ansi@3.0.0
73 silly idealTree |   | | | | `-- ansi-regex@2.0.0
73 silly idealTree |   | | | `-- supports-color@2.0.0
73 silly idealTree |   | | +-- commander@2.9.0
73 silly idealTree |   | | | `-- graceful-readlink@1.0.1
73 silly idealTree |   | | +-- is-my-json-valid@2.12.3
73 silly idealTree |   | | | +-- generate-function@2.0.0
73 silly idealTree |   | | | +-- generate-object-property@1.2.0
73 silly idealTree |   | | | | `-- is-property@1.0.2
73 silly idealTree |   | | | +-- jsonpointer@2.0.0
73 silly idealTree |   | | | `-- xtend@4.0.1
73 silly idealTree |   | | `-- pinkie-promise@2.0.0
73 silly idealTree |   | |   `-- pinkie@2.0.1
73 silly idealTree |   | +-- hawk@3.1.2
73 silly idealTree |   | | +-- boom@2.10.1
73 silly idealTree |   | | +-- cryptiles@2.0.5
73 silly idealTree |   | | +-- hoek@2.16.3
73 silly idealTree |   | | `-- sntp@1.0.9
73 silly idealTree |   | +-- http-signature@1.1.0
73 silly idealTree |   | | +-- assert-plus@0.1.5
73 silly idealTree |   | | +-- jsprim@1.2.2
73 silly idealTree |   | | | +-- extsprintf@1.0.2
73 silly idealTree |   | | | +-- json-schema@0.2.2
73 silly idealTree |   | | | `-- verror@1.3.6
73 silly idealTree |   | | `-- sshpk@1.7.0
73 silly idealTree |   | |   +-- asn1@0.2.3
73 silly idealTree |   | |   +-- assert-plus@0.2.0
73 silly idealTree |   | |   +-- dashdash@1.10.1
73 silly idealTree |   | |   | `-- assert-plus@0.1.5
73 silly idealTree |   | |   +-- ecc-jsbn@0.1.1
73 silly idealTree |   | |   +-- jodid25519@1.0.2
73 silly idealTree |   | |   +-- jsbn@0.1.0
73 silly idealTree |   | |   `-- tweetnacl@0.13.2
73 silly idealTree |   | +-- is-typedarray@1.0.0
73 silly idealTree |   | +-- isstream@0.1.2
73 silly idealTree |   | +-- json-stringify-safe@5.0.1
73 silly idealTree |   | +-- mime-types@2.1.7
73 silly idealTree |   | | `-- mime-db@1.19.0
73 silly idealTree |   | +-- node-uuid@1.4.7
73 silly idealTree |   | +-- oauth-sign@0.8.0
73 silly idealTree |   | +-- qs@5.2.0
73 silly idealTree |   | +-- stringstream@0.0.5
73 silly idealTree |   | +-- tough-cookie@2.2.1
73 silly idealTree |   | `-- tunnel-agent@0.4.1
73 silly idealTree |   +-- rimraf@2.4.4
73 silly idealTree |   | `-- glob@5.0.15
73 silly idealTree |   |   +-- inflight@1.0.4
73 silly idealTree |   |   | `-- wrappy@1.0.1
73 silly idealTree |   |   +-- inherits@2.0.1
73 silly idealTree |   |   +-- minimatch@3.0.0
73 silly idealTree |   |   | `-- brace-expansion@1.1.1
73 silly idealTree |   |   |   +-- balanced-match@0.2.1
73 silly idealTree |   |   |   `-- concat-map@0.0.1
73 silly idealTree |   |   +-- once@1.3.3
73 silly idealTree |   |   | `-- wrappy@1.0.1
73 silly idealTree |   |   `-- path-is-absolute@1.0.0
73 silly idealTree |   +-- semver@5.1.0
73 silly idealTree |   +-- tar-pack@3.1.0
73 silly idealTree |   | +-- debug@0.7.4
73 silly idealTree |   | +-- fstream-ignore@1.0.3
73 silly idealTree |   | | +-- inherits@2.0.1
73 silly idealTree |   | | `-- minimatch@3.0.0
73 silly idealTree |   | |   `-- brace-expansion@1.1.1
73 silly idealTree |   | |     +-- balanced-match@0.2.1
73 silly idealTree |   | |     `-- concat-map@0.0.1
73 silly idealTree |   | +-- fstream@1.0.8
73 silly idealTree |   | | `-- inherits@2.0.1
73 silly idealTree |   | +-- graceful-fs@4.1.2
73 silly idealTree |   | +-- once@1.1.1
73 silly idealTree |   | +-- readable-stream@1.0.33
73 silly idealTree |   | | +-- core-util-is@1.0.2
73 silly idealTree |   | | +-- inherits@2.0.1
73 silly idealTree |   | | +-- isarray@0.0.1
73 silly idealTree |   | | `-- string_decoder@0.10.31
73 silly idealTree |   | +-- rimraf@2.2.8
73 silly idealTree |   | `-- uid-number@0.0.3
73 silly idealTree |   `-- tar@2.2.1
73 silly idealTree |     +-- block-stream@0.0.8
73 silly idealTree |     +-- fstream@1.0.8
73 silly idealTree |     | `-- graceful-fs@4.1.2
73 silly idealTree |     `-- inherits@2.0.1
73 silly idealTree +-- options@0.0.6
73 silly idealTree +-- os-tmpdir@1.0.1
73 silly idealTree +-- parsejson@0.0.1
73 silly idealTree +-- parseqs@0.0.2
73 silly idealTree +-- parseuri@0.0.4
73 silly idealTree +-- parseurl@1.3.1
73 silly idealTree +-- path-exists@1.0.0
73 silly idealTree +-- path-is-absolute@1.0.0
73 silly idealTree +-- path-to-regexp@0.1.7
73 silly idealTree +-- private@0.1.6
73 silly idealTree +-- promise@7.1.1
73 silly idealTree +-- proxy-addr@1.0.10
73 silly idealTree +-- qs@4.0.0
73 silly idealTree +-- range-parser@1.0.3
73 silly idealTree +-- react-dom@0.14.7
73 silly idealTree +-- react@0.14.7
73 silly idealTree +-- regenerate@1.2.1
73 silly idealTree +-- regexpu-core@1.0.0
73 silly idealTree +-- regjsgen@0.2.0
73 silly idealTree +-- regjsparser@0.1.5
73 silly idealTree +-- repeating@1.1.3
73 silly idealTree +-- send@0.13.1
73 silly idealTree +-- serve-static@1.10.2
73 silly idealTree +-- shebang-regex@1.0.0
73 silly idealTree +-- slash@1.0.0
73 silly idealTree +-- socket.io-adapter@0.4.0
73 silly idealTree | `-- socket.io-parser@2.2.2
73 silly idealTree |   `-- debug@0.7.4
73 silly idealTree +-- socket.io-client@1.4.5
73 silly idealTree | `-- component-emitter@1.2.0
73 silly idealTree +-- socket.io-parser@2.2.6
73 silly idealTree | `-- json3@3.3.2
73 silly idealTree +-- socket.io-stream@0.9.0
73 silly idealTree +-- socket.io@1.4.5
73 silly idealTree +-- source-map-support@0.2.10
73 silly idealTree | `-- source-map@0.1.32
73 silly idealTree +-- source-map@0.5.3
73 silly idealTree +-- statuses@1.2.1
73 silly idealTree +-- strip-ansi@3.0.1
73 silly idealTree +-- supports-color@2.0.0
73 silly idealTree +-- through@2.3.8
73 silly idealTree +-- to-array@0.1.4
73 silly idealTree +-- to-fast-properties@1.0.1
73 silly idealTree +-- trim-right@1.0.1
73 silly idealTree +-- type-is@1.6.12
73 silly idealTree +-- ua-parser-js@0.7.10
73 silly idealTree +-- ultron@1.0.2
73 silly idealTree +-- unpipe@1.0.0
73 silly idealTree +-- user-home@1.1.1
73 silly idealTree +-- utf8@2.1.0
73 silly idealTree +-- utils-merge@1.0.0
73 silly idealTree +-- vary@1.0.1
73 silly idealTree +-- whatwg-fetch@0.9.0
73 silly idealTree +-- ws@1.0.1
73 silly idealTree +-- xmlhttprequest-ssl@1.5.1
73 silly idealTree `-- yeast@0.1.2
74 silly generateActionsToTake Starting
75 silly install generateActionsToTake
76 silly generateActionsToTake Finishing
77 silly diffTrees action count 2
78 silly diffTrees add jpeg@2.0.0
79 silly diffTrees update socket.io-stream@0.9.0
80 silly decomposeActions action count 16
81 silly decomposeActions fetch jpeg@2.0.0
82 silly decomposeActions extract jpeg@2.0.0
83 silly decomposeActions test jpeg@2.0.0
84 silly decomposeActions preinstall jpeg@2.0.0
85 silly decomposeActions build jpeg@2.0.0
86 silly decomposeActions install jpeg@2.0.0
87 silly decomposeActions postinstall jpeg@2.0.0
88 silly decomposeActions finalize jpeg@2.0.0
89 silly decomposeActions fetch socket.io-stream@0.9.0
90 silly decomposeActions extract socket.io-stream@0.9.0
91 silly decomposeActions test socket.io-stream@0.9.0
92 silly decomposeActions preinstall socket.io-stream@0.9.0
93 silly decomposeActions build socket.io-stream@0.9.0
94 silly decomposeActions install socket.io-stream@0.9.0
95 silly decomposeActions postinstall socket.io-stream@0.9.0
96 silly decomposeActions finalize socket.io-stream@0.9.0
97 silly executeActions Starting
98 silly install executeActions
99 silly doSerial global-install 0
100 silly doParallel fetch 2
101 verbose correctMkdir /home/mark/.npm/_locks correctMkdir not in flight; initializing
102 verbose lock using /home/mark/.npm/_locks/staging-628f949b0ae83a98.lock for /home/mark/Programming Docs/github/node-camera-testing/node_modules/.staging
103 silly doParallel extract 2
104 silly extract jpeg@2.0.0
105 silly extract socket.io-stream@0.9.0
106 verbose unbuild node_modules/.staging/jpeg-d6d51539
107 verbose unbuild node_modules/.staging/socket.io-stream-f4767533
108 silly gentlyRm /home/mark/Programming Docs/github/node-camera-testing/node_modules/.staging/jpeg-d6d51539 is being purged from base /home/mark/Programming Docs/github/node-camera-testing
109 verbose gentlyRm don't care about contents; nuking /home/mark/Programming Docs/github/node-camera-testing/node_modules/.staging/jpeg-d6d51539
110 silly gentlyRm /home/mark/Programming Docs/github/node-camera-testing/node_modules/.staging/socket.io-stream-f4767533 is being purged from base /home/mark/Programming Docs/github/node-camera-testing
111 verbose gentlyRm don't care about contents; nuking /home/mark/Programming Docs/github/node-camera-testing/node_modules/.staging/socket.io-stream-f4767533
112 verbose tar unpack /home/mark/.npm/jpeg/2.0.0/package.tgz
113 verbose tar unpacking to /home/mark/Programming Docs/github/node-camera-testing/node_modules/.staging/jpeg-d6d51539
114 silly gentlyRm /home/mark/Programming Docs/github/node-camera-testing/node_modules/.staging/jpeg-d6d51539 is being purged
115 verbose gentlyRm don't care about contents; nuking /home/mark/Programming Docs/github/node-camera-testing/node_modules/.staging/jpeg-d6d51539
116 verbose tar unpack /home/mark/.npm/socket.io-stream/0.9.0/package.tgz
117 verbose tar unpacking to /home/mark/Programming Docs/github/node-camera-testing/node_modules/.staging/socket.io-stream-f4767533
118 silly gentlyRm /home/mark/Programming Docs/github/node-camera-testing/node_modules/.staging/socket.io-stream-f4767533 is being purged
119 verbose gentlyRm don't care about contents; nuking /home/mark/Programming Docs/github/node-camera-testing/node_modules/.staging/socket.io-stream-f4767533
120 silly gunzTarPerm modes [ '755', '644' ]
121 silly gunzTarPerm modes [ '755', '644' ]
122 silly gunzTarPerm extractEntry package.json
123 silly gunzTarPerm extractEntry package.json
124 silly gunzTarPerm extractEntry .npmignore
125 silly gunzTarPerm extractEntry wscript
126 silly gunzTarPerm extractEntry .npmignore
127 silly gunzTarPerm extractEntry README.md
128 silly gunzTarPerm extractEntry readme.md
129 silly gunzTarPerm extractEntry examples/jpeg-example.js
130 silly gunzTarPerm extractEntry LICENSE
131 silly gunzTarPerm extractEntry index.js
132 silly gunzTarPerm extractEntry examples/jpeg-example2-async.js
133 silly gunzTarPerm extractEntry examples/jpeg-example2.js
134 silly gunzTarPerm extractEntry socket.io-stream.js
135 silly gunzTarPerm extractEntry .travis.yml
136 silly gunzTarPerm extractEntry .zuul.yml
137 silly gunzTarPerm extractEntry lib/blob-read-stream.js
138 silly gunzTarPerm extractEntry lib/index.js
139 silly gunzTarPerm extractEntry lib/iostream.js
140 silly gunzTarPerm extractEntry lib/parser.js
141 silly gunzTarPerm extractEntry lib/socket.js
142 silly gunzTarPerm extractEntry lib/uuid.js
143 silly gunzTarPerm extractEntry examples/fixed-jpeg-stack-async.js
144 silly gunzTarPerm extractEntry examples/fixed-jpeg-stack.js
145 silly gunzTarPerm extractEntry examples/dynamic-jpeg-stack.js
146 silly gunzTarPerm extractEntry examples/dynamic-jpeg-stack-async.js
147 silly gunzTarPerm extractEntry examples/jpeg-example-async.js
148 silly gunzTarPerm extractEntry examples/push-data/05-rgba-96-397-32-2.dat
149 silly gunzTarPerm extractEntry examples/push-data/10-rgba-112-397-32-2.dat
150 silly gunzTarPerm extractEntry examples/push-data/19-rgba-160-397-32-2.dat
151 silly gunzTarPerm extractEntry examples/push-data/20-rgba-176-386-16-10.dat
152 silly gunzTarPerm extractEntry examples/push-data/04-rgba-96-386-16-10.dat
153 silly gunzTarPerm extractEntry examples/push-data/16-rgba-144-397-32-2.dat
154 silly gunzTarPerm extractEntry examples/push-data/12-rgba-128-397-32-2.dat
155 silly gunzTarPerm extractEntry examples/push-data/07-rgba-112-386-16-10.dat
156 silly gunzTarPerm extractEntry examples/push-data/02-rgba-96-390-16-5.dat
157 silly gunzTarPerm extractEntry examples/push-data/09-rgba-112-389-32-7.dat
158 silly gunzTarPerm extractEntry examples/push-data/17-rgba-160-393-16-6.dat
159 silly gunzTarPerm extractEntry examples/push-data/14-rgba-144-397-32-2.dat
160 silly gunzTarPerm extractEntry examples/push-data/11-rgba-128-386-16-10.dat
161 silly gunzTarPerm extractEntry examples/push-data/06-rgba-96-397-32-2.dat
162 silly gunzTarPerm extractEntry examples/push-data/08-rgba-112-397-32-2.dat
163 silly gunzTarPerm extractEntry examples/push-data/13-rgba-144-386-16-10.dat
164 silly gunzTarPerm extractEntry examples/push-data/01-rgba-80-389-16-7.dat
165 silly gunzTarPerm extractEntry examples/push-data/15-rgba-144-389-16-7.dat
166 silly gunzTarPerm extractEntry examples/push-data/18-rgba-176-397-16-2.dat
167 silly gunzTarPerm extractEntry examples/push-data/03-rgba-80-397-32-2.dat
168 silly gunzTarPerm extractEntry examples/rgba-terminal.dat
169 silly gunzTarPerm extractEntry src/jpeg.cpp
170 silly gunzTarPerm extractEntry src/jpeg.h
171 silly gunzTarPerm extractEntry src/fixed_jpeg_stack.cpp
172 silly gunzTarPerm extractEntry src/dynamic_jpeg_stack.cpp
173 silly gunzTarPerm extractEntry src/jpeg_encoder.h
174 silly gentlyRm /home/mark/Programming Docs/github/node-camera-testing/node_modules/.staging/socket.io-stream-f4767533/node_modules is being purged
175 verbose gentlyRm don't care about contents; nuking /home/mark/Programming Docs/github/node-camera-testing/node_modules/.staging/socket.io-stream-f4767533/node_modules
176 silly gunzTarPerm extractEntry src/buffer_compat.cpp
177 silly gunzTarPerm extractEntry src/jpeg_encoder.cpp
178 silly gunzTarPerm extractEntry src/fixed_jpeg_stack.h
179 silly gunzTarPerm extractEntry src/common.h
180 silly gunzTarPerm extractEntry src/dynamic_jpeg_stack.h
181 silly gunzTarPerm extractEntry src/buffer_compat.h
182 silly gunzTarPerm extractEntry src/common.cpp
183 silly gunzTarPerm extractEntry src/module.cpp
184 silly gunzTarPerm extractEntry package.json~
185 silly gunzTarPerm extractEntry binding.gyp
186 silly gentlyRm /home/mark/Programming Docs/github/node-camera-testing/node_modules/.staging/jpeg-d6d51539/node_modules is being purged
187 verbose gentlyRm don't care about contents; nuking /home/mark/Programming Docs/github/node-camera-testing/node_modules/.staging/jpeg-d6d51539/node_modules
188 silly doParallel preinstall 2
189 silly preinstall jpeg@2.0.0 /home/mark/Programming Docs/github/node-camera-testing/node_modules/.staging/jpeg-d6d51539
190 info lifecycle jpeg@2.0.0~preinstall: jpeg@2.0.0
191 silly preinstall socket.io-stream@0.9.0 /home/mark/Programming Docs/github/node-camera-testing/node_modules/.staging/socket.io-stream-f4767533
192 info lifecycle socket.io-stream@0.9.0~preinstall: socket.io-stream@0.9.0
193 silly lifecycle jpeg@2.0.0~preinstall: no script for preinstall, continuing
194 silly lifecycle socket.io-stream@0.9.0~preinstall: no script for preinstall, continuing
195 silly doReverseSerial remove 0
196 silly doSerial move 0
197 silly doSerial finalize 2
198 silly finalize /home/mark/Programming Docs/github/node-camera-testing/node_modules/jpeg
199 silly finalize /home/mark/Programming Docs/github/node-camera-testing/node_modules/socket.io-stream
200 silly doSerial build 2
201 silly build jpeg@2.0.0
202 info linkStuff jpeg@2.0.0
203 silly linkStuff jpeg@2.0.0 has /home/mark/Programming Docs/github/node-camera-testing/node_modules as its parent node_modules
204 verbose linkBins jpeg@2.0.0
205 verbose linkMans jpeg@2.0.0
206 silly build socket.io-stream@0.9.0
207 info linkStuff socket.io-stream@0.9.0
208 silly linkStuff socket.io-stream@0.9.0 has /home/mark/Programming Docs/github/node-camera-testing/node_modules as its parent node_modules
209 verbose linkBins socket.io-stream@0.9.0
210 verbose linkMans socket.io-stream@0.9.0
211 silly doSerial global-link 0
212 silly doParallel update-linked 0
213 silly doSerial install 2
214 silly install jpeg@2.0.0 /home/mark/Programming Docs/github/node-camera-testing/node_modules/.staging/jpeg-d6d51539
215 info lifecycle jpeg@2.0.0~install: jpeg@2.0.0
216 verbose lifecycle jpeg@2.0.0~install: unsafe-perm in lifecycle true
217 verbose lifecycle jpeg@2.0.0~install: PATH: /usr/lib/node_modules/npm/bin/node-gyp-bin:/home/mark/Programming Docs/github/node-camera-testing/node_modules/jpeg/node_modules/.bin:/home/mark/Programming Docs/github/node-camera-testing/node_modules/.bin:/usr/bin:/usr/local/sbin:/usr/local/bin:/usr/bin:/usr/bin/site_perl:/usr/bin/vendor_perl:/usr/bin/core_perl
218 verbose lifecycle jpeg@2.0.0~install: CWD: /home/mark/Programming Docs/github/node-camera-testing/node_modules/jpeg
219 silly lifecycle jpeg@2.0.0~install: Args: [ '-c', 'node-gyp configure build' ]
220 silly lifecycle jpeg@2.0.0~install: Returned: code: 1  signal: null
221 info lifecycle jpeg@2.0.0~install: Failed to exec install script
222 verbose unlock done using /home/mark/.npm/_locks/staging-628f949b0ae83a98.lock for /home/mark/Programming Docs/github/node-camera-testing/node_modules/.staging
223 silly rollbackFailedOptional Starting
224 silly rollbackFailedOptional Finishing
225 silly runTopLevelLifecycles Starting
226 silly runTopLevelLifecycles Finishing
227 silly install printInstalled
228 warn babel-loader@6.2.4 requires a peer of webpack@1 || ^2.1.0-beta but none was installed.
229 verbose stack Error: jpeg@2.0.0 install: `node-gyp configure build`
229 verbose stack Exit status 1
229 verbose stack     at EventEmitter.<anonymous> (/usr/lib/node_modules/npm/lib/utils/lifecycle.js:239:16)
229 verbose stack     at emitTwo (events.js:100:13)
229 verbose stack     at EventEmitter.emit (events.js:185:7)
229 verbose stack     at ChildProcess.<anonymous> (/usr/lib/node_modules/npm/lib/utils/spawn.js:24:14)
229 verbose stack     at emitTwo (events.js:100:13)
229 verbose stack     at ChildProcess.emit (events.js:185:7)
229 verbose stack     at maybeClose (internal/child_process.js:827:16)
229 verbose stack     at Process.ChildProcess._handle.onexit (internal/child_process.js:211:5)
230 verbose pkgid jpeg@2.0.0
231 verbose cwd /home/mark/Programming Docs/github/node-camera-testing
232 error Linux 4.4.3-1-ARCH
233 error argv "/usr/bin/node" "/usr/bin/npm" "install" "--save" "jpeg"
234 error node v5.7.1
235 error npm  v3.8.0
236 error code ELIFECYCLE
237 error jpeg@2.0.0 install: `node-gyp configure build`
237 error Exit status 1
238 error Failed at the jpeg@2.0.0 install script 'node-gyp configure build'.
238 error Make sure you have the latest version of node.js and npm installed.
238 error If you do, this is most likely a problem with the jpeg package,
238 error not with npm itself.
238 error Tell the author that this fails on your system:
238 error     node-gyp configure build
238 error You can get information on how to open an issue for this project with:
238 error     npm bugs jpeg
238 error Or if that isn't available, you can get their info via:
238 error     npm owner ls jpeg
238 error There is likely additional logging output above.
239 verbose exit [ 1, true ]
